[debug] [2022-08-14T15:05:39.020Z] ----------------------------------------------------------------------
[debug] [2022-08-14T15:05:39.021Z] Command:       /usr/local/bin/node /usr/local/bin/firebase deploy
[debug] [2022-08-14T15:05:39.021Z] CLI Version:   10.5.0
[debug] [2022-08-14T15:05:39.021Z] Platform:      darwin
[debug] [2022-08-14T15:05:39.021Z] Node Version:  v16.14.2
[debug] [2022-08-14T15:05:39.024Z] Time:          Sun Aug 14 2022 16:05:39 GMT+0100 (West Africa Standard Time)
[debug] [2022-08-14T15:05:39.024Z] ----------------------------------------------------------------------
[debug] 
[debug] [2022-08-14T15:05:39.055Z] > command requires scopes: ["email","openid","https://www.googleapis.com/auth/cloudplatformprojects.readonly","https://www.googleapis.com/auth/firebase","https://www.googleapis.com/auth/cloud-platform"]
[debug] [2022-08-14T15:05:39.055Z] > authorizing via signed-in user (abolajiadeajayi@gmail.com)
[debug] [2022-08-14T15:05:39.055Z] [iam] checking project onecardweb-99a10 for permissions ["firebase.projects.get","firebasehosting.sites.update"]
[debug] [2022-08-14T15:05:39.056Z] > refreshing access token with scopes: []
[debug] [2022-08-14T15:05:39.056Z] >>> HTTP REQUEST POST https://www.googleapis.com/oauth2/v3/token  
 <request body omitted>
[debug] [2022-08-14T15:05:41.508Z] <<< HTTP RESPONSE 200 {"cache-control":"no-cache, no-store, max-age=0, must-revalidate","date":"Sun, 14 Aug 2022 15:05:41 GMT","expires":"Mon, 01 Jan 1990 00:00:00 GMT","pragma":"no-cache","content-type":"application/json; charset=utf-8","vary":"X-Origin, Referer, Origin,Accept-Encoding","server":"scaffolding on HTTPServer2","x-xss-protection":"0","x-frame-options":"SAMEORIGIN","x-content-type-options":"nosniff","alt-svc":"h3=\":443\"; ma=2592000,h3-29=\":443\"; ma=2592000,h3-Q050=\":443\"; ma=2592000,h3-Q046=\":443\"; ma=2592000,h3-Q043=\":443\"; ma=2592000,quic=\":443\"; ma=2592000; v=\"46,43\"","accept-ranges":"none","transfer-encoding":"chunked"}
[debug] [2022-08-14T15:05:41.549Z] >>> [apiv2][query] POST https://cloudresourcemanager.googleapis.com/v1/projects/onecardweb-99a10:testIamPermissions [none]
[debug] [2022-08-14T15:05:41.549Z] >>> [apiv2][body] POST https://cloudresourcemanager.googleapis.com/v1/projects/onecardweb-99a10:testIamPermissions {"permissions":["firebase.projects.get","firebasehosting.sites.update"]}
[debug] [2022-08-14T15:05:43.890Z] <<< [apiv2][status] POST https://cloudresourcemanager.googleapis.com/v1/projects/onecardweb-99a10:testIamPermissions 200
[debug] [2022-08-14T15:05:43.890Z] <<< [apiv2][body] POST https://cloudresourcemanager.googleapis.com/v1/projects/onecardweb-99a10:testIamPermissions {"permissions":["firebase.projects.get","firebasehosting.sites.update"]}
[debug] [2022-08-14T15:05:43.891Z] >>> [apiv2][query] GET https://firebase.googleapis.com/v1beta1/projects/onecardweb-99a10 [none]
